🚀 Deploying to EC2: 44.193.82.125
📦 Building Docker image...
warning: Git tree '/home/sisyphus/project/iot-edge-computing-g8' is dirty
these 8 derivations will be built:
  /nix/store/y7pw2why4dn1dqmjc6hp0r99ngyxzj8b-start-services.drv
  /nix/store/ilv29vpw0jgrmj0wa7xwmi7m7c53hbq4-iot-elderly-care-base.json.drv
  /nix/store/kak2n67na971nv8lixkazl8bx5969zd8-iot-elderly-care-customisation-layer.drv
  /nix/store/qzx1nx7gh954jyrjyx1wh28vjx2szv77-excludePaths.drv
  /nix/store/3dqck21j5a8kkpmxjyj0zn0s2r44iz4v-layers.json.drv
  /nix/store/ybap7wrgjz458n32zc7gqwj2px12widb-iot-elderly-care-conf.json.drv
  /nix/store/qbrq3vm9c964xm74vdphm25m1z80n7rw-stream-iot-elderly-care.drv
  /nix/store/250brz6w74smh9x2gdng0xff0cd6qqyw-iot-elderly-care.tar.gz.drv
building '/nix/store/y7pw2why4dn1dqmjc6hp0r99ngyxzj8b-start-services.drv'...
building '/nix/store/ilv29vpw0jgrmj0wa7xwmi7m7c53hbq4-iot-elderly-care-base.json.drv'...
building '/nix/store/kak2n67na971nv8lixkazl8bx5969zd8-iot-elderly-care-customisation-layer.drv'...
building '/nix/store/qzx1nx7gh954jyrjyx1wh28vjx2szv77-excludePaths.drv'...
building '/nix/store/3dqck21j5a8kkpmxjyj0zn0s2r44iz4v-layers.json.drv'...
building '/nix/store/ybap7wrgjz458n32zc7gqwj2px12widb-iot-elderly-care-conf.json.drv'...
building '/nix/store/qbrq3vm9c964xm74vdphm25m1z80n7rw-stream-iot-elderly-care.drv'...
building '/nix/store/250brz6w74smh9x2gdng0xff0cd6qqyw-iot-elderly-care.tar.gz.drv'...
./deploy-to-ec2.sh: line 21: docker: command not found
